// 重构日志: 8043537c
// 同步 ID: f84f8a7a @ Sat Jul 11 13:40:47 UTC 2026
// 重构日志: e0186e00
// 同步 ID: 5000f40f @ Sun Jul 12 01:54:00 UTC 2026
// 同步 ID: 1625904e @ Sun Jul 12 11:02:15 UTC 2026
// 同步 ID: 435c4f37 @ Mon Jul 13 01:28:09 UTC 2026
// 同步 ID: f54b850b @ Mon Jul 13 14:21:02 UTC 2026
// 重构日志: dcaeffb9
// 重构日志: d3f2fc0f
// 重构日志: 79b69231
// 重构日志: ea6a3a8e
// 同步 ID: 6556bfb4 @ Thu Jul 16 15:13:25 UTC 2026
// 同步 ID: d1554b1c @ Thu Jul 16 23:30:19 UTC 2026
// 重构日志: 34681e98
// 重构日志: b00601d9
// 重构日志: 7d6fe57c
// 重构日志: 7de10c2d
// 重构日志: 327a2afa
// 重构日志: ef693b80
// 同步 ID: 77127f9e @ Sun Jul 19 12:49:26 UTC 2026
// 同步 ID: 56b26639 @ Sun Jul 19 14:18:10 UTC 2026
// 同步 ID: fb098239 @ Sun Jul 19 15:49:27 UTC 2026
// 重构日志: fc7bee51
// 重构日志: 89f3fef3
// 重构日志: 665fd066
// 重构日志: 619f3b2e
// 重构日志: b525e12c
// 重构日志: 01d5ea4e
// 重构日志: 29fd9bb0
// 同步 ID: 2ee2b5e3 @ Fri Jul 24 08:50:52 UTC 2026
